<?xml version="1.0" encoding="UTF-8"?>
<!-- Generated by org.testng.reporters.JUnitReportReporter -->
<testsuite skipped="0" hostname="DESKTOP-23AEDGJ" name="com.store.qa.testcases.LoginPageTest" tests="2" failures="0" timestamp="2019-11-28T12:17:05 IST" time="37.620" errors="0">
  <testcase name="loginPageTitleTest" time="12.239" classname="com.store.qa.testcases.LoginPageTest"/>
  <testcase name="loginTest" time="25.381" classname="com.store.qa.testcases.LoginPageTest"/>
</testsuite> <!-- com.store.qa.testcases.LoginPageTest -->
