<?xml version="1.0" encoding="UTF-8"?>
<!-- Generated by org.testng.reporters.JUnitReportReporter -->
<testsuite skipped="0" hostname="DESKTOP-23AEDGJ" name="com.store.qa.testcases.LoginPageTest" tests="2" failures="0" timestamp="2019-12-02T12:51:40 IST" time="33.274" errors="0">
  <testcase name="loginPageTitleTest" time="18.348" classname="com.store.qa.testcases.LoginPageTest"/>
  <testcase name="loginTest" time="14.926" classname="com.store.qa.testcases.LoginPageTest"/>
</testsuite> <!-- com.store.qa.testcases.LoginPageTest -->
