<?xml version="1.0" encoding="UTF-8"?>
<!-- Generated by org.testng.reporters.JUnitReportReporter -->
<testsuite skipped="0" hostname="DESKTOP-1AV732R" name="com.store.qa.testcases.LoginPageTest" tests="2" failures="0" timestamp="2019-11-29T10:01:47 IST" time="17.222" errors="0">
  <testcase name="loginPageTitleTest" time="6.889" classname="com.store.qa.testcases.LoginPageTest"/>
  <testcase name="loginTest" time="10.333" classname="com.store.qa.testcases.LoginPageTest"/>
</testsuite> <!-- com.store.qa.testcases.LoginPageTest -->
