<?xml version="1.0" encoding="UTF-8"?>
<!-- Generated by org.testng.reporters.JUnitReportReporter -->
<testsuite skipped="0" hostname="DESKTOP-23AEDGJ" name="com.store.qa.testcases.PeopleAndTeamsPageTest" tests="1" failures="0" timestamp="2019-12-03T10:23:00 IST" time="23.662" errors="0">
  <testcase name="verifyFollowUnFollow" time="23.662" classname="com.store.qa.testcases.PeopleAndTeamsPageTest"/>
</testsuite> <!-- com.store.qa.testcases.PeopleAndTeamsPageTest -->
