<?xml version="1.0" encoding="UTF-8"?>
<!-- Generated by org.testng.reporters.JUnitReportReporter -->
<testsuite skipped="0" hostname="DESKTOP-23AEDGJ" name="com.store.qa.testcases.HomePageTest" tests="2" failures="0" timestamp="2019-11-28T17:06:28 IST" time="28.905" errors="0">
  <testcase name="zuruLogoTest" time="14.815" classname="com.store.qa.testcases.HomePageTest"/>
  <testcase name="homePageTitileTest" time="14.090" classname="com.store.qa.testcases.HomePageTest"/>
</testsuite> <!-- com.store.qa.testcases.HomePageTest -->
