<?xml version="1.0" encoding="UTF-8"?>
<!-- Generated by org.testng.reporters.JUnitReportReporter -->
<testsuite skipped="0" hostname="DESKTOP-23AEDGJ" name="com.store.qa.testcases.SearchPageTest" tests="6" failures="0" timestamp="2019-12-02T12:51:40 IST" time="95.889" errors="0">
  <testcase name="zuruLogoTest" time="14.717" classname="com.store.qa.testcases.SearchPageTest"/>
  <testcase name="verifyFirstProject" time="16.699" classname="com.store.qa.testcases.SearchPageTest"/>
  <testcase name="verifySearchBarResult" time="14.750" classname="com.store.qa.testcases.SearchPageTest"/>
  <testcase name="verifySearchBar" time="16.524" classname="com.store.qa.testcases.SearchPageTest"/>
  <testcase name="verifyFirstProjectPreview" time="17.089" classname="com.store.qa.testcases.SearchPageTest"/>
  <testcase name="verifyProjectNotFound" time="16.110" classname="com.store.qa.testcases.SearchPageTest"/>
</testsuite> <!-- com.store.qa.testcases.SearchPageTest -->
