<?xml version="1.0" encoding="UTF-8"?>
<!-- Generated by org.testng.reporters.JUnitReportReporter -->
<testsuite skipped="0" hostname="DESKTOP-1AV732R" name="com.store.qa.testcases.LoginPageTest" tests="2" failures="0" timestamp="2019-11-28T11:59:45 IST" time="12.413" errors="0">
  <testcase name="loginPageTitleTest" time="6.282" classname="com.store.qa.testcases.LoginPageTest"/>
  <testcase name="loginTest" time="6.131" classname="com.store.qa.testcases.LoginPageTest"/>
</testsuite> <!-- com.store.qa.testcases.LoginPageTest -->
