<?xml version="1.0" encoding="UTF-8"?>
<!-- Generated by org.testng.reporters.JUnitReportReporter -->
<testsuite skipped="0" hostname="DESKTOP-23AEDGJ" name="com.store.qa.testcases.SearchPageTest" tests="1" failures="0" timestamp="2019-11-29T16:13:37 IST" time="19.108" errors="0">
  <testcase name="verifyFirstProject" time="19.108" classname="com.store.qa.testcases.SearchPageTest"/>
</testsuite> <!-- com.store.qa.testcases.SearchPageTest -->
