<?xml version="1.0" encoding="UTF-8"?>
<!-- Generated by org.testng.reporters.JUnitReportReporter -->
<testsuite skipped="0" hostname="DESKTOP-23AEDGJ" name="com.store.qa.testcases.LoginPageTest" tests="2" failures="0" timestamp="2019-12-20T14:53:34 IST" time="23.595" errors="0">
  <testcase name="loginPageTitleTest" time="9.163" classname="com.store.qa.testcases.LoginPageTest"/>
  <testcase name="loginTest" time="14.432" classname="com.store.qa.testcases.LoginPageTest"/>
</testsuite> <!-- com.store.qa.testcases.LoginPageTest -->
