<?xml version="1.0" encoding="UTF-8"?>
<!-- Generated by org.testng.reporters.JUnitReportReporter -->
<testsuite skipped="0" hostname="DESKTOP-23AEDGJ" name="com.store.qa.testcases.SearchPageTest" tests="6" failures="0" timestamp="2019-11-29T16:30:30 IST" time="97.077" errors="0">
  <testcase name="verifySearchBarResult" time="16.278" classname="com.store.qa.testcases.SearchPageTest"/>
  <testcase name="verifyFirstProjectPreview" time="16.134" classname="com.store.qa.testcases.SearchPageTest"/>
  <testcase name="verifySearchBar" time="16.817" classname="com.store.qa.testcases.SearchPageTest"/>
  <testcase name="verifyProjectNotFound" time="16.212" classname="com.store.qa.testcases.SearchPageTest"/>
  <testcase name="verifyFirstProject" time="16.932" classname="com.store.qa.testcases.SearchPageTest"/>
  <testcase name="zuruLogoTest" time="14.704" classname="com.store.qa.testcases.SearchPageTest"/>
</testsuite> <!-- com.store.qa.testcases.SearchPageTest -->
