<?xml version="1.0" encoding="UTF-8"?>
<!-- Generated by org.testng.reporters.JUnitReportReporter -->
<testsuite skipped="0" hostname="DESKTOP-23AEDGJ" name="com.store.qa.testcases.ProjectPageTest" tests="1" failures="0" timestamp="2019-12-20T14:53:34 IST" time="21.495" errors="0">
  <testcase name="navigateToHomePage" time="21.495" classname="com.store.qa.testcases.ProjectPageTest"/>
</testsuite> <!-- com.store.qa.testcases.ProjectPageTest -->
