<?xml version="1.0" encoding="UTF-8"?>
<!-- Generated by org.testng.reporters.JUnitReportReporter -->
<testsuite skipped="0" hostname="DESKTOP-1AV732R" name="com.store.qa.testcases.HomePageTest" tests="1" failures="0" timestamp="2019-11-28T16:03:35 IST" time="10.302" errors="0">
  <testcase name="HomePageTitileTest" time="10.302" classname="com.store.qa.testcases.HomePageTest"/>
</testsuite> <!-- com.store.qa.testcases.HomePageTest -->
