<?xml version="1.0" encoding="UTF-8"?>
<!-- Generated by org.testng.reporters.JUnitReportReporter -->
<testsuite skipped="0" hostname="DESKTOP-23AEDGJ" name="com.store.qa.testcases.HomePageTest" tests="1" failures="0" timestamp="2019-11-29T16:30:30 IST" time="13.801" errors="0">
  <testcase name="zuruLogoTest" time="13.801" classname="com.store.qa.testcases.HomePageTest"/>
</testsuite> <!-- com.store.qa.testcases.HomePageTest -->
