<?xml version="1.0" encoding="UTF-8"?>
<!-- Generated by org.testng.reporters.JUnitReportReporter -->
<testsuite skipped="0" hostname="DESKTOP-1AV732R" name="com.store.qa.testcases.ProjectPageTest" tests="1" failures="0" timestamp="2019-11-29T10:01:47 IST" time="9.030" errors="0">
  <testcase name="navigateToHomePage" time="9.030" classname="com.store.qa.testcases.ProjectPageTest"/>
</testsuite> <!-- com.store.qa.testcases.ProjectPageTest -->
