<?xml version="1.0" encoding="UTF-8"?>
<!-- Generated by org.testng.reporters.JUnitReportReporter -->
<testsuite skipped="0" hostname="DESKTOP-23AEDGJ" name="com.store.qa.testcases.ProjectPageTest" tests="1" failures="0" timestamp="2019-11-28T17:59:52 IST" time="20.796" errors="0">
  <testcase name="navigateToHomePage" time="20.796" classname="com.store.qa.testcases.ProjectPageTest"/>
</testsuite> <!-- com.store.qa.testcases.ProjectPageTest -->
