<?xml version="1.0" encoding="UTF-8"?>
<!-- Generated by org.testng.reporters.JUnitReportReporter -->
<testsuite skipped="0" hostname="DESKTOP-1AV732R" name="com.store.qa.testcases.LoginPageTest" tests="2" failures="0" timestamp="2019-11-28T16:02:34 IST" time="16.952" errors="0">
  <testcase name="loginPageTitleTest" time="5.585" classname="com.store.qa.testcases.LoginPageTest"/>
  <testcase name="loginTest" time="11.367" classname="com.store.qa.testcases.LoginPageTest"/>
</testsuite> <!-- com.store.qa.testcases.LoginPageTest -->
