<?xml version="1.0" encoding="UTF-8"?>
<!-- Generated by org.testng.reporters.JUnitReportReporter -->
<testsuite skipped="0" hostname="DESKTOP-23AEDGJ" name="com.store.qa.testcases.LoginPageTest" tests="2" failures="0" timestamp="2019-11-29T16:30:30 IST" time="32.189" errors="0">
  <testcase name="loginPageTitleTest" time="15.472" classname="com.store.qa.testcases.LoginPageTest"/>
  <testcase name="loginTest" time="16.717" classname="com.store.qa.testcases.LoginPageTest"/>
</testsuite> <!-- com.store.qa.testcases.LoginPageTest -->
